21:57:26.560 request:
1 > PUT https://petstore.swagger.io/v2/pet
1 > Accept-Encoding: gzip,deflate
1 > Connection: Keep-Alive
1 > Content-Length: 152
1 > Content-Type: application/json; charset=UTF-8
1 > Host: petstore.swagger.io
1 > User-Agent: Apache-HttpClient/4.5.12 (Java/1.8.0_333)
{"id":2,"category":{"id":1,"name":"#(nameCategory)"},"name":"doggie","photoUrls":["string"],"tags":[{"id":1,"name":"#(tagsName)"}],"status":"available"}

21:57:27.244 response time in milliseconds: 681.74
1 < 200
1 < Access-Control-Allow-Headers: Content-Type, api_key, Authorization
1 < Access-Control-Allow-Methods: GET, POST, DELETE, PUT
1 < Access-Control-Allow-Origin: *
1 < Connection: keep-alive
1 < Content-Type: application/json
1 < Date: Mon, 29 Aug 2022 03:57:27 GMT
1 < Server: Jetty(9.2.9.v20150224)
1 < Transfer-Encoding: chunked
{"id":2,"category":{"id":1,"name":"#(nameCategory)"},"name":"doggie","photoUrls":["string"],"tags":[{"id":1,"name":"#(tagsName)"}],"status":"available"}

21:57:27.271 request:
1 > PUT https://petstore.swagger.io/v2/pet
1 > Accept-Encoding: gzip,deflate
1 > Connection: Keep-Alive
1 > Content-Length: 5
1 > Content-Type: text/plain; charset=UTF-8
1 > Host: petstore.swagger.io
1 > User-Agent: Apache-HttpClient/4.5.12 (Java/1.8.0_333)
@$#%&

21:57:27.677 response time in milliseconds: 405.15
1 < 415
1 < Access-Control-Allow-Headers: Content-Type, api_key, Authorization
1 < Access-Control-Allow-Methods: GET, POST, DELETE, PUT
1 < Access-Control-Allow-Origin: *
1 < Connection: keep-alive
1 < Content-Length: 102
1 < Content-Type: application/xml
1 < Date: Mon, 29 Aug 2022 03:57:27 GMT
1 < Server: Jetty(9.2.9.v20150224)
<?xml version="1.0" encoding="UTF-8" standalone="yes"?><apiResponse><type>unknown</type></apiResponse>

21:57:27.698 request:
1 > PUT https://petstore.swagger.io/v2/pet
1 > Accept-Encoding: gzip,deflate
1 > Connection: Keep-Alive
1 > Content-Length: 8
1 > Content-Type: text/plain; charset=UTF-8
1 > Host: petstore.swagger.io
1 > User-Agent: Apache-HttpClient/4.5.12 (Java/1.8.0_333)
squirtle

21:57:28.453 response time in milliseconds: 753.74
1 < 415
1 < Access-Control-Allow-Headers: Content-Type, api_key, Authorization
1 < Access-Control-Allow-Methods: GET, POST, DELETE, PUT
1 < Access-Control-Allow-Origin: *
1 < Connection: keep-alive
1 < Content-Length: 102
1 < Content-Type: application/xml
1 < Date: Mon, 29 Aug 2022 03:57:28 GMT
1 < Server: Jetty(9.2.9.v20150224)
<?xml version="1.0" encoding="UTF-8" standalone="yes"?><apiResponse><type>unknown</type></apiResponse>

21:57:28.464 request:
1 > PUT https://petstore.swagger.io/v2/pet
1 > Accept-Encoding: gzip,deflate
1 > Connection: Keep-Alive
1 > Content-Length: 7
1 > Content-Type: text/plain; charset=UTF-8
1 > Host: petstore.swagger.io
1 > User-Agent: Apache-HttpClient/4.5.12 (Java/1.8.0_333)
123.123

21:57:28.901 response time in milliseconds: 435.79
1 < 415
1 < Access-Control-Allow-Headers: Content-Type, api_key, Authorization
1 < Access-Control-Allow-Methods: GET, POST, DELETE, PUT
1 < Access-Control-Allow-Origin: *
1 < Connection: keep-alive
1 < Content-Length: 102
1 < Content-Type: application/xml
1 < Date: Mon, 29 Aug 2022 03:57:28 GMT
1 < Server: Jetty(9.2.9.v20150224)
<?xml version="1.0" encoding="UTF-8" standalone="yes"?><apiResponse><type>unknown</type></apiResponse>

e>

ion="1.0" encoding="UTF-8" standalone="yes"?><apiResponse><type>unknown</type></apiResponse>

com.sun.jersey.json.impl.provider.entity.JacksonProviderProxy\ntext/plain; charset=UTF-8 ->\n  com.sun.jersey.core.impl.provider.entity.StringProvider\n  com.sun.jersey.core.impl.provider.entity.ReaderProvider\n"}

19:50:30.574 request:
1 > POST https://petstore.swagger.io/v2/user
1 > Accept-Encoding: gzip,deflate
1 > Connection: Keep-Alive
1 > Content-Length: 5
1 > Content-Type: text/plain; charset=UTF-8
1 > Host: petstore.swagger.io
1 > User-Agent: Apache-HttpClient/4.5.12 (Java/1.8.0_333)
12345

19:50:31.045 response time in milliseconds: 456.64
1 < 415
1 < Access-Control-Allow-Headers: Content-Type, api_key, Authorization
1 < Access-Control-Allow-Methods: GET, POST, DELETE, PUT
1 < Access-Control-Allow-Origin: *
1 < Connection: keep-alive
1 < Content-Type: application/json
1 < Date: Mon, 29 Aug 2022 01:50:30 GMT
1 < Server: Jetty(9.2.9.v20150224)
1 < Transfer-Encoding: chunked
{"code":415,"type":"unknown","message":"com.sun.jersey.api.MessageException: A message body reader for Java class io.swagger.sample.model.User, and Java type class io.swagger.sample.model.User, and MIME media type text/plain; charset=UTF-8 was not found.\nThe registered message body readers compatible with the MIME media type are:\n*/* ->\n  com.sun.jersey.core.impl.provider.entity.FormProvider\n  com.sun.jersey.core.impl.provider.entity.StringProvider\n  com.sun.jersey.core.impl.provider.entity.ByteArrayProvider\n  com.sun.jersey.core.impl.provider.entity.FileProvider\n  com.sun.jersey.core.impl.provider.entity.InputStreamProvider\n  com.sun.jersey.core.impl.provider.entity.DataSourceProvider\n  com.sun.jersey.core.impl.provider.entity.XMLJAXBElementProvider$General\n  com.sun.jersey.core.impl.provider.entity.ReaderProvider\n  com.sun.jersey.core.impl.provider.entity.DocumentProvider\n  com.sun.jersey.core.impl.provider.entity.SourceProvider$StreamSourceReader\n  com.sun.jersey.core.impl.provider.entity.SourceProvider$SAXSourceReader\n  com.sun.jersey.core.impl.provider.entity.SourceProvider$DOMSourceReader\n  com.sun.jersey.json.impl.provider.entity.JSONJAXBElementProvider$General\n  com.sun.jersey.json.impl.provider.entity.JSONArrayProvider$General\n  com.sun.jersey.json.impl.provider.entity.JSONObjectProvider$General\n  com.fasterxml.jackson.jaxrs.json.JacksonJsonProvider\n  com.sun.jersey.core.impl.provider.entity.XMLRootElementProvider$General\n  com.sun.jersey.core.impl.provider.entity.XMLListElementProvider$General\n  com.sun.jersey.core.impl.provider.entity.XMLRootObjectProvider$General\n  com.sun.jersey.core.impl.provider.entity.EntityHolderReader\n  com.sun.jersey.json.impl.provider.entity.JSONRootElementProvider$General\n  com.sun.jersey.json.impl.provider.entity.JSONListElementProvider$General\n  com.sun.jersey.json.impl.provider.entity.JacksonProviderProxy\ntext/plain; charset=UTF-8 ->\n  com.sun.jersey.core.impl.provider.entity.StringProvider\n  com.sun.jersey.core.impl.provider.entity.ReaderProvider\n"}

"}

plication/json
1 < Date: Mon, 29 Aug 2022 01:48:18 GMT
1 < Server: Jetty(9.2.9.v20150224)
1 < Transfer-Encoding: chunked
{"code":415,"type":"unknown","message":"com.sun.jersey.api.MessageException: A message body reader for Java class io.swagger.sample.model.User, and Java type class io.swagger.sample.model.User, and MIME media type text/plain; charset=UTF-8 was not found.\nThe registered message body readers compatible with the MIME media type are:\n*/* ->\n  com.sun.jersey.core.impl.provider.entity.FormProvider\n  com.sun.jersey.core.impl.provider.entity.StringProvider\n  com.sun.jersey.core.impl.provider.entity.ByteArrayProvider\n  com.sun.jersey.core.impl.provider.entity.FileProvider\n  com.sun.jersey.core.impl.provider.entity.InputStreamProvider\n  com.sun.jersey.core.impl.provider.entity.DataSourceProvider\n  com.sun.jersey.core.impl.provider.entity.XMLJAXBElementProvider$General\n  com.sun.jersey.core.impl.provider.entity.ReaderProvider\n  com.sun.jersey.core.impl.provider.entity.DocumentProvider\n  com.sun.jersey.core.impl.provider.entity.SourceProvider$StreamSourceReader\n  com.sun.jersey.core.impl.provider.entity.SourceProvider$SAXSourceReader\n  com.sun.jersey.core.impl.provider.entity.SourceProvider$DOMSourceReader\n  com.sun.jersey.json.impl.provider.entity.JSONJAXBElementProvider$General\n  com.sun.jersey.json.impl.provider.entity.JSONArrayProvider$General\n  com.sun.jersey.json.impl.provider.entity.JSONObjectProvider$General\n  com.fasterxml.jackson.jaxrs.json.JacksonJsonProvider\n  com.sun.jersey.core.impl.provider.entity.XMLRootElementProvider$General\n  com.sun.jersey.core.impl.provider.entity.XMLListElementProvider$General\n  com.sun.jersey.core.impl.provider.entity.XMLRootObjectProvider$General\n  com.sun.jersey.core.impl.provider.entity.EntityHolderReader\n  com.sun.jersey.json.impl.provider.entity.JSONRootElementProvider$General\n  com.sun.jersey.json.impl.provider.entity.JSONListElementProvider$General\n  com.sun.jersey.json.impl.provider.entity.JacksonProviderProxy\ntext/plain; charset=UTF-8 ->\n  com.sun.jersey.core.impl.provider.entity.StringProvider\n  com.sun.jersey.core.impl.provider.entity.ReaderProvider\n"}

19:48:18.325 status code was: 415, expected: 500, response time: 446, url: https://petstore.swagger.io/v2/user, response: {"code":415,"type":"unknown","message":"com.sun.jersey.api.MessageException: A message body reader for Java class io.swagger.sample.model.User, and Java type class io.swagger.sample.model.User, and MIME media type text/plain; charset=UTF-8 was not found.\nThe registered message body readers compatible with the MIME media type are:\n*/* ->\n  com.sun.jersey.core.impl.provider.entity.FormProvider\n  com.sun.jersey.core.impl.provider.entity.StringProvider\n  com.sun.jersey.core.impl.provider.entity.ByteArrayProvider\n  com.sun.jersey.core.impl.provider.entity.FileProvider\n  com.sun.jersey.core.impl.provider.entity.InputStreamProvider\n  com.sun.jersey.core.impl.provider.entity.DataSourceProvider\n  com.sun.jersey.core.impl.provider.entity.XMLJAXBElementProvider$General\n  com.sun.jersey.core.impl.provider.entity.ReaderProvider\n  com.sun.jersey.core.impl.provider.entity.DocumentProvider\n  com.sun.jersey.core.impl.provider.entity.SourceProvider$StreamSourceReader\n  com.sun.jersey.core.impl.provider.entity.SourceProvider$SAXSourceReader\n  com.sun.jersey.core.impl.provider.entity.SourceProvider$DOMSourceReader\n  com.sun.jersey.json.impl.provider.entity.JSONJAXBElementProvider$General\n  com.sun.jersey.json.impl.provider.entity.JSONArrayProvider$General\n  com.sun.jersey.json.impl.provider.entity.JSONObjectProvider$General\n  com.fasterxml.jackson.jaxrs.json.JacksonJsonProvider\n  com.sun.jersey.core.impl.provider.entity.XMLRootElementProvider$General\n  com.sun.jersey.core.impl.provider.entity.XMLListElementProvider$General\n  com.sun.jersey.core.impl.provider.entity.XMLRootObjectProvider$General\n  com.sun.jersey.core.impl.provider.entity.EntityHolderReader\n  com.sun.jersey.json.impl.provider.entity.JSONRootElementProvider$General\n  com.sun.jersey.json.impl.provider.entity.JSONListElementProvider$General\n  com.sun.jersey.json.impl.provider.entity.JacksonProviderProxy\ntext/plain; charset=UTF-8 ->\n  com.sun.jersey.core.impl.provider.entity.StringProvider\n  com.sun.jersey.core.impl.provider.entity.ReaderProvider\n"}
